#
# There is insufficient memory for the Java Runtime Environment to continue.
# Native memory allocation (mmap) failed to map 266338304 bytes for G1 virtual space
# Possible reasons:
#   The system is out of physical RAM or swap space
#   The process is running with CompressedOops enabled, and the Java Heap may be blocking the growth of the native heap
# Possible solutions:
#   Reduce memory load on the system
#   Increase physical memory or swap space
#   Check if swap backing store is full
#   Decrease Java heap size (-Xmx/-Xms)
#   Decrease number of Java threads
#   Decrease Java thread stack sizes (-Xss)
#   Set larger code cache with -XX:ReservedCodeCacheSize=
#   JVM is running with Zero Based Compressed Oops mode in which the Java heap is
#     placed in the first 32GB address space. The Java Heap base address is the
#     maximum limit for the native heap growth. Please use -XX:HeapBaseMinAddress
#     to set the Java Heap base and to place the Java Heap above 32GB virtual address.
# This output file may be truncated or incomplete.
#
#  Out of Memory Error (os_windows.cpp:3613), pid=16352, tid=23772
#
# JRE version:  (17.0.9+9) (build )
# Java VM: OpenJDK 64-Bit Server VM (17.0.9+9, mixed mode, sharing, tiered, compressed oops, compressed class ptrs, g1 gc, windows-amd64)
# No core dump will be written. Minidumps are not enabled by default on client versions of Windows
#

---------------  S U M M A R Y ------------

Command Line: 

Host: 11th Gen Intel(R) Core(TM) i7-11370H @ 3.30GHz, 8 cores, 15G,  Windows 11 , 64 bit Build 26100 (10.0.26100.7920)
Time: Tue Apr 14 20:24:43 2026 W. Europe Daylight Time elapsed time: 0.023267 seconds (0d 0h 0m 0s)

---------------  T H R E A D  ---------------

Current thread (0x000001a922c59510):  JavaThread "Unknown thread" [_thread_in_vm, id=23772, stack(0x00000030d4500000,0x00000030d4600000)]

Stack: [0x00000030d4500000,0x00000030d4600000]
Native frames: (J=compiled Java code, j=interpreted, Vv=VM code, C=native code)
V  [jvm.dll+0x67cf49]
V  [jvm.dll+0x83478a]
V  [jvm.dll+0x83624e]
V  [jvm.dll+0x8368b3]
V  [jvm.dll+0x247f1f]
V  [jvm.dll+0x679d69]
V  [jvm.dll+0x66e6ba]
V  [jvm.dll+0x307e5b]
V  [jvm.dll+0x30f306]
V  [jvm.dll+0x35f0ce]
V  [jvm.dll+0x35f2ff]
V  [jvm.dll+0x2dea58]
V  [jvm.dll+0x2df9c4]
V  [jvm.dll+0x806031]
V  [jvm.dll+0x36cf31]
V  [jvm.dll+0x7e4aac]
V  [jvm.dll+0x3f07af]
V  [jvm.dll+0x3f23e1]
C  [jli.dll+0x528f]
C  [ucrtbase.dll+0x37b0]
C  [KERNEL32.DLL+0x2e8d7]
C  [ntdll.dll+0x8c48c]


---------------  P R O C E S S  ---------------

Threads class SMR info:
_java_thread_list=0x00007ffc38b3ee98, length=0, elements={
}

Java Threads: ( => current thread )

Other Threads:
  0x000001a922cc8da0 GCTaskThread "GC Thread#0" [stack: 0x00000030d4600000,0x00000030d4700000] [id=18636]
  0x000001a922cda740 ConcurrentGCThread "G1 Main Marker" [stack: 0x00000030d4700000,0x00000030d4800000] [id=32436]
  0x000001a922cdc010 ConcurrentGCThread "G1 Conc#0" [stack: 0x00000030d4800000,0x00000030d4900000] [id=18032]

[error occurred during error reporting (printing all threads), id 0xc0000005, EXCEPTION_ACCESS_VIOLATION (0xc0000005) at pc=0x00007ffc382ff497]

VM state: not at safepoint (not fully initialized)

VM Mutex/Monitor currently owned by a thread:  ([mutex/lock_event])
[0x000001a922c54e50] Heap_lock - owner thread: 0x000001a922c59510

Heap address: 0x0000000702800000, size: 4056 MB, Compressed Oops mode: Zero based, Oop shift amount: 3

CDS archive(s) mapped at: [0x0000000000000000-0x0000000000000000-0x0000000000000000), size 0, SharedBaseAddress: 0x0000000800000000, ArchiveRelocationMode: 1.
Narrow klass base: 0x0000000000000000, Narrow klass shift: 0, Narrow klass range: 0x0

GC Precious Log:
<Empty>

Heap:
 garbage-first heap   total 0K, used 0K [0x0000000702800000, 0x0000000800000000)
  region size 2048K, 0 young (0K), 0 survivors (0K)

[error occurred during error reporting (printing heap information), id 0xc0000005, EXCEPTION_ACCESS_VIOLATION (0xc0000005) at pc=0x00007ffc386e6c79]

GC Heap History (0 events):
No events

Dll operation events (1 events):
Event: 0.012 Loaded shared library C:\Program Files\Unity\Hub\Editor\6000.3.8f1\Editor\Data\PlaybackEngines\AndroidPlayer\OpenJDK\bin\java.dll

Deoptimization events (0 events):
No events

Classes unloaded (0 events):
No events

Classes redefined (0 events):
No events

Internal exceptions (0 events):
No events

VM Operations (0 events):
No events

Events (0 events):
No events


Dynamic libraries:
0x00007ff692d20000 - 0x00007ff692d2e000 	C:\Program Files\Unity\Hub\Editor\6000.3.8f1\Editor\Data\PlaybackEngines\AndroidPlayer\OpenJDK\bin\java.exe
0x00007ffd19d00000 - 0x00007ffd19f67000 	C:\WINDOWS\SYSTEM32\ntdll.dll
0x00007ffd18910000 - 0x00007ffd189d9000 	C:\WINDOWS\System32\KERNEL32.DLL
0x00007ffd169d0000 - 0x00007ffd16dc1000 	C:\WINDOWS\System32\KERNELBASE.dll
0x00007ffd16880000 - 0x00007ffd169cb000 	C:\WINDOWS\System32\ucrtbase.dll
0x00007ffce4230000 - 0x00007ffce4247000 	C:\Program Files\Unity\Hub\Editor\6000.3.8f1\Editor\Data\PlaybackEngines\AndroidPlayer\OpenJDK\bin\jli.dll
0x00007ffd19af0000 - 0x00007ffd19cb5000 	C:\WINDOWS\System32\USER32.dll
0x00007ffce3ee0000 - 0x00007ffce3efb000 	C:\Program Files\Unity\Hub\Editor\6000.3.8f1\Editor\Data\PlaybackEngines\AndroidPlayer\OpenJDK\bin\VCRUNTIME140.dll
0x00007ffcfbc30000 - 0x00007ffcfbec3000 	C:\WINDOWS\WinSxS\amd64_microsoft.windows.common-controls_6595b64144ccf1df_6.0.26100.8037_none_3e092faae333b53b\COMCTL32.dll
0x00007ffd17830000 - 0x00007ffd17857000 	C:\WINDOWS\System32\win32u.dll
0x00007ffd19970000 - 0x00007ffd19a19000 	C:\WINDOWS\System32\msvcrt.dll
0x00007ffd17bb0000 - 0x00007ffd17bdb000 	C:\WINDOWS\System32\GDI32.dll
0x00007ffd16750000 - 0x00007ffd1687b000 	C:\WINDOWS\System32\gdi32full.dll
0x00007ffd16e80000 - 0x00007ffd16f23000 	C:\WINDOWS\System32\msvcp_win.dll
0x00007ffd19930000 - 0x00007ffd19961000 	C:\WINDOWS\System32\IMM32.DLL
0x00007ffcebf30000 - 0x00007ffcec022000 	C:\Program Files\Windhawk\Engine\1.7.3\64\windhawk.dll
0x00007ffd189e0000 - 0x00007ffd18a9b000 	C:\WINDOWS\System32\ADVAPI32.dll
0x00007ffd18510000 - 0x00007ffd185b7000 	C:\WINDOWS\System32\sechost.dll
0x00007ffd18200000 - 0x00007ffd18318000 	C:\WINDOWS\System32\RPCRT4.dll
0x00007ffd00160000 - 0x00007ffd0016c000 	C:\Program Files\Unity\Hub\Editor\6000.3.8f1\Editor\Data\PlaybackEngines\AndroidPlayer\OpenJDK\bin\vcruntime140_1.dll
0x00007ffcd26c0000 - 0x00007ffcd274d000 	C:\Program Files\Unity\Hub\Editor\6000.3.8f1\Editor\Data\PlaybackEngines\AndroidPlayer\OpenJDK\bin\msvcp140.dll
0x00007ffc38010000 - 0x00007ffc38c71000 	C:\Program Files\Unity\Hub\Editor\6000.3.8f1\Editor\Data\PlaybackEngines\AndroidPlayer\OpenJDK\bin\server\jvm.dll
0x00007ffd16440000 - 0x00007ffd1649e000 	C:\WINDOWS\SYSTEM32\POWRPROF.dll
0x00007ffcec030000 - 0x00007ffcec03a000 	C:\WINDOWS\SYSTEM32\WSOCK32.dll
0x00007ffd0a920000 - 0x00007ffd0a955000 	C:\WINDOWS\SYSTEM32\WINMM.dll
0x00007ffd0f440000 - 0x00007ffd0f44b000 	C:\WINDOWS\SYSTEM32\VERSION.dll
0x00007ffd18330000 - 0x00007ffd183a4000 	C:\WINDOWS\System32\WS2_32.dll
0x00007ffd16420000 - 0x00007ffd16434000 	C:\WINDOWS\SYSTEM32\UMPDC.dll
0x00007ffd15370000 - 0x00007ffd1538b000 	C:\WINDOWS\SYSTEM32\kernel.appcore.dll
0x00007ffcffb50000 - 0x00007ffcffb5a000 	C:\Program Files\Unity\Hub\Editor\6000.3.8f1\Editor\Data\PlaybackEngines\AndroidPlayer\OpenJDK\bin\jimage.dll
0x00007ffd13fb0000 - 0x00007ffd141f2000 	C:\WINDOWS\SYSTEM32\DBGHELP.DLL
0x00007ffd19390000 - 0x00007ffd19712000 	C:\WINDOWS\System32\combase.dll
0x00007ffd187a0000 - 0x00007ffd18877000 	C:\WINDOWS\System32\OLEAUT32.dll
0x00007ffd01250000 - 0x00007ffd0128b000 	C:\WINDOWS\SYSTEM32\dbgcore.DLL
0x00007ffd16dd0000 - 0x00007ffd16e75000 	C:\WINDOWS\System32\bcryptPrimitives.dll
0x00007ffce1db0000 - 0x00007ffce1dd5000 	C:\Program Files\Unity\Hub\Editor\6000.3.8f1\Editor\Data\PlaybackEngines\AndroidPlayer\OpenJDK\bin\java.dll

dbghelp: loaded successfully - version: 4.0.5 - missing functions: none
symbol engine: initialized successfully - sym options: 0x614 - pdb path: .;C:\Program Files\Unity\Hub\Editor\6000.3.8f1\Editor\Data\PlaybackEngines\AndroidPlayer\OpenJDK\bin;C:\WINDOWS\SYSTEM32;C:\WINDOWS\WinSxS\amd64_microsoft.windows.common-controls_6595b64144ccf1df_6.0.26100.8037_none_3e092faae333b53b;C:\Program Files\Windhawk\Engine\1.7.3\64;C:\Program Files\Unity\Hub\Editor\6000.3.8f1\Editor\Data\PlaybackEngines\AndroidPlayer\OpenJDK\bin\server

VM Arguments:
java_command: <unknown>
java_class_path (initial): <not set>
Launcher Type: SUN_STANDARD

[Global flags]
     intx CICompilerCount                          = 4                                         {product} {ergonomic}
     uint ConcGCThreads                            = 2                                         {product} {ergonomic}
     uint G1ConcRefinementThreads                  = 8                                         {product} {ergonomic}
   size_t G1HeapRegionSize                         = 2097152                                   {product} {ergonomic}
    uintx GCDrainStackTargetSize                   = 64                                        {product} {ergonomic}
   size_t InitialHeapSize                          = 266338304                                 {product} {ergonomic}
   size_t MarkStackSize                            = 4194304                                   {product} {ergonomic}
   size_t MaxHeapSize                              = 4253024256                                {product} {ergonomic}
   size_t MinHeapDeltaBytes                        = 2097152                                   {product} {ergonomic}
   size_t MinHeapSize                              = 8388608                                   {product} {ergonomic}
    uintx NonNMethodCodeHeapSize                   = 5839372                                {pd product} {ergonomic}
    uintx NonProfiledCodeHeapSize                  = 122909434                              {pd product} {ergonomic}
    uintx ProfiledCodeHeapSize                     = 122909434                              {pd product} {ergonomic}
    uintx ReservedCodeCacheSize                    = 251658240                              {pd product} {ergonomic}
     bool SegmentedCodeCache                       = true                                      {product} {ergonomic}
   size_t SoftMaxHeapSize                          = 4253024256                             {manageable} {ergonomic}
     bool UseCompressedClassPointers               = true                           {product lp64_product} {ergonomic}
     bool UseCompressedOops                        = true                           {product lp64_product} {ergonomic}
     bool UseG1GC                                  = true                                      {product} {ergonomic}
     bool UseLargePagesIndividualAllocation        = false                                  {pd product} {ergonomic}

Logging:
Log output configuration:
 #0: stdout all=warning uptime,level,tags
 #1: stderr all=off uptime,level,tags

Environment Variables:
JAVA_HOME=C:\Program Files\Unity\Hub\Editor\6000.3.8f1\Editor\Data\PlaybackEngines\AndroidPlayer\OpenJDK
PATH=C:\Program Files\Oculus\Support\oculus-runtime;C:\Program Files\BellSoft\LibericaJDK-21\bin\;C:\Program Files\Common Files\Oracle\Java\javapath;C:\Vulkan\VulkanSDK\Bin;C:\Program Files\Microsoft\jdk-11.0.12.7-hotspot\bin;C:\windows\system32;C:\windows;C:\windows\System32\Wbem;C:\windows\System32\WindowsPowerShell\v1.0\;C:\windows\System32\OpenSSH\;C:\Program Files\Microsoft Visual Studio\2022\Community\VC\Tools\MSVC\14.31.31103\bin\Hostx64\x64;C:\Program Files\Git LFS;C:\apache-maven-3.9.0\bin;C:\WINDOWS\system32;C:\WINDOWS;C:\WINDOWS\System32\Wbem;C:\WINDOWS\System32\WindowsPowerShell\v1.0\;C:\WINDOWS\System32\OpenSSH\;C:\msys64\mingw64\bin;C:\Program Files\NASM;C:\cmake-3.23.0-rc3-windows-x86_64\bin;C:\Program Files\LLVM\bin;C:\Strawberry\c\bin;C:\Strawberry\perl\site\bin;C:\Strawberry\perl\bin;C:\Program Files (x86)\Pulse Secure\VC142.CRT\X64\;C:\Program Files (x86)\Pulse Secure\VC142.CRT\X86\;C:\Program Files (x86)\Common Files\Pulse Secure\TNC Client Plugin\;C:\Odin\Odin;C:\Odin\ols;C:\Program Files\nodejs\;C:\Users\marcf\anaconda3;C:\Users\marcf\anaconda3\Scripts;C:\Users\marcf\anaconda3\bin;C:\Program Files (x86)\NVIDIA Corporation\PhysX\Common;D:\mongosh-2.1.5-win32-x64\bin;D:\MongoDbTools\bin;C:\Users\marcf\AppData\Roaming\Microsoft\Windows\Start Menu\Programs\Qt\6.5.3\MSVC 2019 (64-bit);C:\Program Files (x86)\Android\android-sdk\platform-tools;D:\Installations\kotlinc\bin;C:\Program Files\Go\bin;C:\helix\helix-25.01-x86_64-windows;C:\Program Files\Microsoft Visual Studio\2022\Community\MSBuild\Current\Bin;C:\Program Files\Git\cmd;C:\Program Files\PuTTY\;C:\WINDOWS\system32;C:\WINDOWS;C:\WINDOWS\System32\Wbem;C:\WINDOWS\System32\WindowsPowerShell\v1.0\;C:\WINDOWS\System32\OpenSSH\;C:\Program Files (x86)\ZeroTier\One\;C:\Users\marcf\.local\bin;C:\Program Files\dotnet\;C:\Program Files\PostgreSQL\18\bin;;C:\Program Files\Docker\Docker\resources\bin;C:\Program Files\PowerShell\7\;C:\Users\marcf\.cargo\bin;C:\Program Files\Microsoft\jdk-11.0.12.7-hotspot\bin;
USERNAME=marcf
OS=Windows_NT
PROCESSOR_IDENTIFIER=Intel64 Family 6 Model 140 Stepping 1, GenuineIntel
TMP=C:\Users\marcf\AppData\Local\Temp
TEMP=C:\Users\marcf\AppData\Local\Temp



Periodic native trim disabled


---------------  S Y S T E M  ---------------

OS:
 Windows 11 , 64 bit Build 26100 (10.0.26100.7920)
OS uptime: 14 days 7:29 hours
Hyper-V role detected

CPU: total 8 (initial active 8) (4 cores per cpu, 2 threads per core) family 6 model 140 stepping 1 microcode 0xbe, cx8, cmov, fxsr, ht, mmx, 3dnowpref, sse, sse2, sse3, ssse3, sse4.1, sse4.2, popcnt, lzcnt, tsc, tscinvbit, avx, avx2, aes, erms, clmul, bmi1, bmi2, adx, avx512f, avx512dq, avx512cd, avx512bw, avx512vl, sha, fma, vzeroupper, avx512_vpopcntdq, avx512_vpclmulqdq, avx512_vaes, avx512_vnni, clflush, clflushopt, clwb, avx512_vbmi2, avx512_vbmi, hv
Processor Information for processor 0
  Max Mhz: 3302, Current Mhz: 3302, Mhz Limit: 3302
Processor Information for processor 1
  Max Mhz: 3302, Current Mhz: 3302, Mhz Limit: 3302
Processor Information for processor 2
  Max Mhz: 3302, Current Mhz: 3302, Mhz Limit: 3302
Processor Information for processor 3
  Max Mhz: 3302, Current Mhz: 3302, Mhz Limit: 3302
Processor Information for processor 4
  Max Mhz: 3302, Current Mhz: 3302, Mhz Limit: 3302
Processor Information for processor 5
  Max Mhz: 3302, Current Mhz: 3302, Mhz Limit: 3302
Processor Information for processor 6
  Max Mhz: 3302, Current Mhz: 3302, Mhz Limit: 3302
Processor Information for processor 7
  Max Mhz: 3302, Current Mhz: 1200, Mhz Limit: 3302

Memory: 4k page, system-wide physical 16217M (207M free)
TotalPageFile size 42232M (AvailPageFile size 157M)
current process WorkingSet (physical memory assigned to process): 13M, peak: 13M
current process commit charge ("private bytes"): 60M, peak: 314M

vm_info: OpenJDK 64-Bit Server VM (17.0.9+9) for windows-amd64 JRE (17.0.9+9), built on Oct 26 2023 14:01:42 by "admin" with MS VC++ 16.10 / 16.11 (VS2019)

END.
